<?xml version="1.0" encoding="UTF-8"?>
<testng-results skipped="0" failed="0" ignored="0" total="1" passed="1">
  <reporter-output>
    <line>
      <![CDATA[Execuiting TC_1]]>
    </line>
    <line>
      <![CDATA[Sucessfully Organization page is Displayed]]>
    </line>
    <line>
      <![CDATA[Sucessfully createOrganization page is Displayed]]>
    </line>
    <line>
      <![CDATA[Sucessfully entered the data into the organization TextField]]>
    </line>
  </reporter-output>
  <suite name="Default suite" duration-ms="17767" started-at="2021-09-06T10:56:01 IST" finished-at="2021-09-06T10:56:19 IST">
    <groups>
    </groups>
    <test name="Default test" duration-ms="17767" started-at="2021-09-06T10:56:01 IST" finished-at="2021-09-06T10:56:19 IST">
      <class name="organization.TC_1Test">
        <test-method status="PASS" signature="preCondition()[pri:0, instance:organization.TC_1Test@7b69c6ba]" name="preCondition" is-config="true" duration-ms="2397" started-at="2021-09-06T10:56:01 IST" finished-at="2021-09-06T10:56:04 IST">
          <reporter-output>
          </reporter-output>
        </test-method> <!-- preCondition -->
        <test-method status="PASS" signature="loginCredentials()[pri:0, instance:organization.TC_1Test@7b69c6ba]" name="loginCredentials" is-config="true" duration-ms="4823" started-at="2021-09-06T10:56:04 IST" finished-at="2021-09-06T10:56:08 IST">
          <reporter-output>
          </reporter-output>
        </test-method> <!-- loginCredentials -->
        <test-method status="PASS" signature="createOrganization()[pri:0, instance:organization.TC_1Test@7b69c6ba]" name="createOrganization" duration-ms="5837" started-at="2021-09-06T10:56:08 IST" finished-at="2021-09-06T10:56:14 IST">
          <reporter-output>
            <line>
              <![CDATA[Execuiting TC_1]]>
            </line>
            <line>
              <![CDATA[Sucessfully Organization page is Displayed]]>
            </line>
            <line>
              <![CDATA[Sucessfully createOrganization page is Displayed]]>
            </line>
            <line>
              <![CDATA[Sucessfully entered the data into the organization TextField]]>
            </line>
          </reporter-output>
        </test-method> <!-- createOrganization -->
        <test-method status="PASS" signature="logout()[pri:0, instance:organization.TC_1Test@7b69c6ba]" name="logout" is-config="true" duration-ms="4010" started-at="2021-09-06T10:56:14 IST" finished-at="2021-09-06T10:56:18 IST">
          <reporter-output>
          </reporter-output>
        </test-method> <!-- logout -->
        <test-method status="PASS" signature="postCondition()[pri:0, instance:organization.TC_1Test@7b69c6ba]" name="postCondition" is-config="true" duration-ms="640" started-at="2021-09-06T10:56:18 IST" finished-at="2021-09-06T10:56:19 IST">
          <reporter-output>
          </reporter-output>
        </test-method> <!-- postCondition -->
      </class> <!-- organization.TC_1Test -->
    </test> <!-- Default test -->
  </suite> <!-- Default suite -->
</testng-results>
